

Version:	3.50
CmdLine:	C:\Users\Danil\Desktop\python\f\out\artifacts\f_jar\f.exe --l4j-debug
JNI:		No
WOW64:		Yes
Working dir:	C:\Users\Danil\Desktop\python\f\out\artifacts\f_jar\.
Requires JDK:	No
Requires 64-Bit: No
Java min ver:	1.006.000_022
Java max ver:	
Substitute:	JAVA_HOME = 
Substitute:	PATH = C:\ProgramData\Oracle\Java\javapath;C:\Program Files\Common Files\Oracle\Java\javapath;C:\Program Files (x86)\Common Files\Oracle\Java\javapath;C:\Windows\system32;C:\Windows;C:\Windows\System32\Wbem;C:\Windows\System32\WindowsPowerShell\v1.0\;C:\Windows\System32\OpenSSH\;C:\Program Files\Git\cmd;C:\Program Files\WireGuard\;C:\Program Files\nodejs\;C:\Program Files\Docker\Docker\resources\bin;C:\Users\Danil\AppData\Local\Programs\Python\Python39\Scripts\;C:\Users\Danil\AppData\Local\Programs\Python\Python39\;C:\Users\Danil\AppData\Local\Microsoft\WindowsApps;C:\Users\Danil\AppData\Local\GitHubDesktop\bin;C:\Program Files\JetBrains\IntelliJ IDEA Community Edition 2021.3.2\bin;;C:\Users\Danil\AppData\Local\Programs\Microsoft VS Code\bin;C:\Users\Danil\AppData\Roaming\npm;C:\Program Files\Java\jre1.8.0_333\bin
JRE paths:	;C:\ProgramData\Oracle\Java\javapath;C:\Program Files\Common Files\Oracle\Java\javapath;C:\Program Files (x86)\Common Files\Oracle\Java\javapath;C:\Windows\system32;C:\Windows;C:\Windows\System32\Wbem;C:\Windows\System32\WindowsPowerShell\v1.0\;C:\Windows\System32\OpenSSH\;C:\Program Files\Git\cmd;C:\Program Files\WireGuard\;C:\Program Files\nodejs\;C:\Program Files\Docker\Docker\resources\bin;C:\Users\Danil\AppData\Local\Programs\Python\Python39\Scripts\;C:\Users\Danil\AppData\Local\Programs\Python\Python39\;C:\Users\Danil\AppData\Local\Microsoft\WindowsApps;C:\Users\Danil\AppData\Local\GitHubDesktop\bin;C:\Program Files\JetBrains\IntelliJ IDEA Community Edition 2021.3.2\bin;;C:\Users\Danil\AppData\Local\Programs\Microsoft VS Code\bin;C:\Users\Danil\AppData\Roaming\npm;C:\Program Files\Java\jre1.8.0_333\bin
Check launcher:	C:\ProgramData\Oracle\Java\javapath\bin\javaw.exe (not found)
Check launcher:	C:\Program Files\Common Files\Oracle\Java\javapath\bin\javaw.exe (not found)
Check launcher:	C:\Program Files (x86)\Common Files\Oracle\Java\javapath\bin\javaw.exe (not found)
Check launcher:	C:\Windows\system32\bin\javaw.exe (not found)
Check launcher:	C:\Windows\bin\javaw.exe (not found)
Check launcher:	C:\Windows\System32\Wbem\bin\javaw.exe (not found)
Check launcher:	C:\Windows\System32\WindowsPowerShell\v1.0\bin\javaw.exe (not found)
Check launcher:	C:\Windows\System32\OpenSSH\bin\javaw.exe (not found)
Check launcher:	C:\Program Files\Git\cmd\bin\javaw.exe (not found)
Check launcher:	C:\Program Files\WireGuard\bin\javaw.exe (not found)
Check launcher:	C:\Program Files\nodejs\bin\javaw.exe (not found)
Check launcher:	C:\Program Files\Docker\Docker\resources\bin\javaw.exe (not found)
Check launcher:	C:\Users\Danil\AppData\Local\Programs\Python\Python39\Scripts\bin\javaw.exe (not found)
Check launcher:	C:\Users\Danil\AppData\Local\Programs\Python\Python39\bin\javaw.exe (not found)
Check launcher:	C:\Users\Danil\AppData\Local\Microsoft\WindowsApps\bin\javaw.exe (not found)
Check launcher:	C:\Users\Danil\AppData\Local\GitHubDesktop\bin\javaw.exe (not found)
Check launcher:	C:\Program Files\JetBrains\IntelliJ IDEA Community Edition 2021.3.2\bin\javaw.exe (not found)
Check launcher:	C:\Users\Danil\AppData\Local\Programs\Microsoft VS Code\bin\javaw.exe (not found)
Check launcher:	C:\Users\Danil\AppData\Roaming\npm\bin\javaw.exe (not found)
Check launcher:	C:\Program Files\Java\jre1.8.0_333\bin\javaw.exe (OK)
Version string: 1.008.000_333 / 64-Bit (OK)
Launcher:	C:\Program Files\Java\jre1.8.0_333\bin\javaw.exe
Launcher args:	-jar "C:\Users\Danil\Desktop\python\f\out\artifacts\f_jar\f.exe"
Args length:	64/32768 chars
Exit code:	0


Version:	3.50
CmdLine:	C:\Users\Danil\Desktop\python\f\out\artifacts\f_jar\f.exe --l4j-debug
JNI:		No
WOW64:		Yes
Working dir:	C:\Users\Danil\Desktop\python\f\out\artifacts\f_jar\.
Requires JDK:	No
Requires 64-Bit: No
Java min ver:	1.006.000_022
Java max ver:	
Substitute:	JAVA_HOME = 
Substitute:	PATH = C:\ProgramData\Oracle\Java\javapath;C:\Program Files\Common Files\Oracle\Java\javapath;C:\Program Files (x86)\Common Files\Oracle\Java\javapath;C:\Windows\system32;C:\Windows;C:\Windows\System32\Wbem;C:\Windows\System32\WindowsPowerShell\v1.0\;C:\Windows\System32\OpenSSH\;C:\Program Files\Git\cmd;C:\Program Files\WireGuard\;C:\Program Files\nodejs\;C:\Program Files\Docker\Docker\resources\bin;C:\Users\Danil\AppData\Local\Programs\Python\Python39\Scripts\;C:\Users\Danil\AppData\Local\Programs\Python\Python39\;C:\Users\Danil\AppData\Local\Microsoft\WindowsApps;C:\Users\Danil\AppData\Local\GitHubDesktop\bin;C:\Program Files\JetBrains\IntelliJ IDEA Community Edition 2021.3.2\bin;;C:\Users\Danil\AppData\Local\Programs\Microsoft VS Code\bin;C:\Users\Danil\AppData\Roaming\npm;C:\Program Files\Java\jre1.8.0_333\bin
JRE paths:	;C:\ProgramData\Oracle\Java\javapath;C:\Program Files\Common Files\Oracle\Java\javapath;C:\Program Files (x86)\Common Files\Oracle\Java\javapath;C:\Windows\system32;C:\Windows;C:\Windows\System32\Wbem;C:\Windows\System32\WindowsPowerShell\v1.0\;C:\Windows\System32\OpenSSH\;C:\Program Files\Git\cmd;C:\Program Files\WireGuard\;C:\Program Files\nodejs\;C:\Program Files\Docker\Docker\resources\bin;C:\Users\Danil\AppData\Local\Programs\Python\Python39\Scripts\;C:\Users\Danil\AppData\Local\Programs\Python\Python39\;C:\Users\Danil\AppData\Local\Microsoft\WindowsApps;C:\Users\Danil\AppData\Local\GitHubDesktop\bin;C:\Program Files\JetBrains\IntelliJ IDEA Community Edition 2021.3.2\bin;;C:\Users\Danil\AppData\Local\Programs\Microsoft VS Code\bin;C:\Users\Danil\AppData\Roaming\npm;C:\Program Files\Java\jre1.8.0_333\bin
Check launcher:	C:\ProgramData\Oracle\Java\javapath\bin\javaw.exe (not found)
Check launcher:	C:\Program Files\Common Files\Oracle\Java\javapath\bin\javaw.exe (not found)
Check launcher:	C:\Program Files (x86)\Common Files\Oracle\Java\javapath\bin\javaw.exe (not found)
Check launcher:	C:\Windows\system32\bin\javaw.exe (not found)
Check launcher:	C:\Windows\bin\javaw.exe (not found)
Check launcher:	C:\Windows\System32\Wbem\bin\javaw.exe (not found)
Check launcher:	C:\Windows\System32\WindowsPowerShell\v1.0\bin\javaw.exe (not found)
Check launcher:	C:\Windows\System32\OpenSSH\bin\javaw.exe (not found)
Check launcher:	C:\Program Files\Git\cmd\bin\javaw.exe (not found)
Check launcher:	C:\Program Files\WireGuard\bin\javaw.exe (not found)
Check launcher:	C:\Program Files\nodejs\bin\javaw.exe (not found)
Check launcher:	C:\Program Files\Docker\Docker\resources\bin\javaw.exe (not found)
Check launcher:	C:\Users\Danil\AppData\Local\Programs\Python\Python39\Scripts\bin\javaw.exe (not found)
Check launcher:	C:\Users\Danil\AppData\Local\Programs\Python\Python39\bin\javaw.exe (not found)
Check launcher:	C:\Users\Danil\AppData\Local\Microsoft\WindowsApps\bin\javaw.exe (not found)
Check launcher:	C:\Users\Danil\AppData\Local\GitHubDesktop\bin\javaw.exe (not found)
Check launcher:	C:\Program Files\JetBrains\IntelliJ IDEA Community Edition 2021.3.2\bin\javaw.exe (not found)
Check launcher:	C:\Users\Danil\AppData\Local\Programs\Microsoft VS Code\bin\javaw.exe (not found)
Check launcher:	C:\Users\Danil\AppData\Roaming\npm\bin\javaw.exe (not found)
Check launcher:	C:\Program Files\Java\jre1.8.0_333\bin\javaw.exe (not found)
64-bit search:	SOFTWARE\JavaSoft\Java Runtime Environment...
32-bit search:	SOFTWARE\JavaSoft\Java Runtime Environment...
64-bit search:	SOFTWARE\JavaSoft\Java Development Kit...
32-bit search:	SOFTWARE\JavaSoft\Java Development Kit...
64-bit search:	SOFTWARE\JavaSoft\JRE...
32-bit search:	SOFTWARE\JavaSoft\JRE...
64-bit search:	SOFTWARE\JavaSoft\JDK...
Check:		SOFTWARE\JavaSoft\JDK\16.0.2
Version string: 1.016.000_002 / 64-Bit (OK)
Check launcher:	C:\Program Files\Java\jdk-16.0.2\bin\javaw.exe (OK)
Match:		1.016.000_002
Runtime used:	1.016.000_002 (64-bit)
Launcher:	C:\Program Files\Java\jdk-16.0.2\bin\javaw.exe
Launcher args:	-jar "C:\Users\Danil\Desktop\python\f\out\artifacts\f_jar\f.exe"
Args length:	64/32768 chars
Exit code:	0


Version:	3.50
CmdLine:	C:\Users\Danil\Desktop\python\f\out\artifacts\f_jar\f.exe --l4j-debug
JNI:		No
WOW64:		Yes
Working dir:	C:\Users\Danil\Desktop\python\f\out\artifacts\f_jar\.
Requires JDK:	No
Requires 64-Bit: No
Java min ver:	1.006.000_022
Java max ver:	
Substitute:	JAVA_HOME = 
Substitute:	PATH = C:\ProgramData\Oracle\Java\javapath;C:\Program Files\Common Files\Oracle\Java\javapath;C:\Windows\system32;C:\Windows;C:\Windows\System32\Wbem;C:\Windows\System32\WindowsPowerShell\v1.0\;C:\Windows\System32\OpenSSH\;C:\Program Files\Git\cmd;C:\Program Files\WireGuard\;C:\Program Files\nodejs\;C:\Program Files\Docker\Docker\resources\bin;C:\Users\Danil\AppData\Local\Programs\Python\Python39\Scripts\;C:\Users\Danil\AppData\Local\Programs\Python\Python39\;C:\Users\Danil\AppData\Local\Microsoft\WindowsApps;C:\Users\Danil\AppData\Local\GitHubDesktop\bin;C:\Program Files\JetBrains\IntelliJ IDEA Community Edition 2021.3.2\bin;;C:\Users\Danil\AppData\Local\Programs\Microsoft VS Code\bin;C:\Users\Danil\AppData\Roaming\npm;C:\Program Files\Java\jdk-16.0.2\bin
JRE paths:	;C:\ProgramData\Oracle\Java\javapath;C:\Program Files\Common Files\Oracle\Java\javapath;C:\Windows\system32;C:\Windows;C:\Windows\System32\Wbem;C:\Windows\System32\WindowsPowerShell\v1.0\;C:\Windows\System32\OpenSSH\;C:\Program Files\Git\cmd;C:\Program Files\WireGuard\;C:\Program Files\nodejs\;C:\Program Files\Docker\Docker\resources\bin;C:\Users\Danil\AppData\Local\Programs\Python\Python39\Scripts\;C:\Users\Danil\AppData\Local\Programs\Python\Python39\;C:\Users\Danil\AppData\Local\Microsoft\WindowsApps;C:\Users\Danil\AppData\Local\GitHubDesktop\bin;C:\Program Files\JetBrains\IntelliJ IDEA Community Edition 2021.3.2\bin;;C:\Users\Danil\AppData\Local\Programs\Microsoft VS Code\bin;C:\Users\Danil\AppData\Roaming\npm;C:\Program Files\Java\jdk-16.0.2\bin
Check launcher:	C:\ProgramData\Oracle\Java\javapath\bin\javaw.exe (not found)
Check launcher:	C:\Program Files\Common Files\Oracle\Java\javapath\bin\javaw.exe (not found)
Check launcher:	C:\Windows\system32\bin\javaw.exe (not found)
Check launcher:	C:\Windows\bin\javaw.exe (not found)
Check launcher:	C:\Windows\System32\Wbem\bin\javaw.exe (not found)
Check launcher:	C:\Windows\System32\WindowsPowerShell\v1.0\bin\javaw.exe (not found)
Check launcher:	C:\Windows\System32\OpenSSH\bin\javaw.exe (not found)
Check launcher:	C:\Program Files\Git\cmd\bin\javaw.exe (not found)
Check launcher:	C:\Program Files\WireGuard\bin\javaw.exe (not found)
Check launcher:	C:\Program Files\nodejs\bin\javaw.exe (not found)
Check launcher:	C:\Program Files\Docker\Docker\resources\bin\javaw.exe (not found)
Check launcher:	C:\Users\Danil\AppData\Local\Programs\Python\Python39\Scripts\bin\javaw.exe (not found)
Check launcher:	C:\Users\Danil\AppData\Local\Programs\Python\Python39\bin\javaw.exe (not found)
Check launcher:	C:\Users\Danil\AppData\Local\Microsoft\WindowsApps\bin\javaw.exe (not found)
Check launcher:	C:\Users\Danil\AppData\Local\GitHubDesktop\bin\javaw.exe (not found)
Check launcher:	C:\Program Files\JetBrains\IntelliJ IDEA Community Edition 2021.3.2\bin\javaw.exe (not found)
Check launcher:	C:\Users\Danil\AppData\Local\Programs\Microsoft VS Code\bin\javaw.exe (not found)
Check launcher:	C:\Users\Danil\AppData\Roaming\npm\bin\javaw.exe (not found)
Check launcher:	C:\Program Files\Java\jdk-16.0.2\bin\javaw.exe (OK)
Version string: 1.016.000_002 / 64-Bit (OK)
Launcher:	C:\Program Files\Java\jdk-16.0.2\bin\javaw.exe
Launcher args:	-jar "C:\Users\Danil\Desktop\python\f\out\artifacts\f_jar\f.exe"
Args length:	64/32768 chars
Exit code:	0


Version:	3.50
CmdLine:	C:\Users\Danil\Desktop\python\f\out\artifacts\f_jar\f.exe --l4j-debug
JNI:		No
WOW64:		Yes
Working dir:	C:\Users\Danil\Desktop\python\f\out\artifacts\f_jar\.
Requires JDK:	No
Requires 64-Bit: No
Java min ver:	1.006.000_022
Java max ver:	
Substitute:	JAVA_HOME = 
Substitute:	PATH = C:\ProgramData\Oracle\Java\javapath;C:\Program Files\Common Files\Oracle\Java\javapath;C:\Windows\system32;C:\Windows;C:\Windows\System32\Wbem;C:\Windows\System32\WindowsPowerShell\v1.0\;C:\Windows\System32\OpenSSH\;C:\Program Files\Git\cmd;C:\Program Files\WireGuard\;C:\Program Files\nodejs\;C:\Program Files\Docker\Docker\resources\bin;C:\Users\Danil\AppData\Local\Programs\Python\Python39\Scripts\;C:\Users\Danil\AppData\Local\Programs\Python\Python39\;C:\Users\Danil\AppData\Local\Microsoft\WindowsApps;C:\Users\Danil\AppData\Local\GitHubDesktop\bin;C:\Program Files\JetBrains\IntelliJ IDEA Community Edition 2021.3.2\bin;;C:\Users\Danil\AppData\Local\Programs\Microsoft VS Code\bin;C:\Users\Danil\AppData\Roaming\npm;C:\Program Files\Java\jdk-16.0.2\bin
JRE paths:	;C:\ProgramData\Oracle\Java\javapath;C:\Program Files\Common Files\Oracle\Java\javapath;C:\Windows\system32;C:\Windows;C:\Windows\System32\Wbem;C:\Windows\System32\WindowsPowerShell\v1.0\;C:\Windows\System32\OpenSSH\;C:\Program Files\Git\cmd;C:\Program Files\WireGuard\;C:\Program Files\nodejs\;C:\Program Files\Docker\Docker\resources\bin;C:\Users\Danil\AppData\Local\Programs\Python\Python39\Scripts\;C:\Users\Danil\AppData\Local\Programs\Python\Python39\;C:\Users\Danil\AppData\Local\Microsoft\WindowsApps;C:\Users\Danil\AppData\Local\GitHubDesktop\bin;C:\Program Files\JetBrains\IntelliJ IDEA Community Edition 2021.3.2\bin;;C:\Users\Danil\AppData\Local\Programs\Microsoft VS Code\bin;C:\Users\Danil\AppData\Roaming\npm;C:\Program Files\Java\jdk-16.0.2\bin
Check launcher:	C:\ProgramData\Oracle\Java\javapath\bin\javaw.exe (not found)
Check launcher:	C:\Program Files\Common Files\Oracle\Java\javapath\bin\javaw.exe (not found)
Check launcher:	C:\Windows\system32\bin\javaw.exe (not found)
Check launcher:	C:\Windows\bin\javaw.exe (not found)
Check launcher:	C:\Windows\System32\Wbem\bin\javaw.exe (not found)
Check launcher:	C:\Windows\System32\WindowsPowerShell\v1.0\bin\javaw.exe (not found)
Check launcher:	C:\Windows\System32\OpenSSH\bin\javaw.exe (not found)
Check launcher:	C:\Program Files\Git\cmd\bin\javaw.exe (not found)
Check launcher:	C:\Program Files\WireGuard\bin\javaw.exe (not found)
Check launcher:	C:\Program Files\nodejs\bin\javaw.exe (not found)
Check launcher:	C:\Program Files\Docker\Docker\resources\bin\javaw.exe (not found)
Check launcher:	C:\Users\Danil\AppData\Local\Programs\Python\Python39\Scripts\bin\javaw.exe (not found)
Check launcher:	C:\Users\Danil\AppData\Local\Programs\Python\Python39\bin\javaw.exe (not found)
Check launcher:	C:\Users\Danil\AppData\Local\Microsoft\WindowsApps\bin\javaw.exe (not found)
Check launcher:	C:\Users\Danil\AppData\Local\GitHubDesktop\bin\javaw.exe (not found)
Check launcher:	C:\Program Files\JetBrains\IntelliJ IDEA Community Edition 2021.3.2\bin\javaw.exe (not found)
Check launcher:	C:\Users\Danil\AppData\Local\Programs\Microsoft VS Code\bin\javaw.exe (not found)
Check launcher:	C:\Users\Danil\AppData\Roaming\npm\bin\javaw.exe (not found)
Check launcher:	C:\Program Files\Java\jdk-16.0.2\bin\javaw.exe (OK)
Version string: 1.016.000_002 / 64-Bit (OK)
Launcher:	C:\Program Files\Java\jdk-16.0.2\bin\javaw.exe
Launcher args:	-jar "C:\Users\Danil\Desktop\python\f\out\artifacts\f_jar\f.exe"
Args length:	64/32768 chars
Exit code:	0


Version:	3.50
CmdLine:	C:\Users\Danil\Desktop\python\f\out\artifacts\f_jar\f.exe --l4j-debug
JNI:		No
WOW64:		Yes
Working dir:	C:\Users\Danil\Desktop\python\f\out\artifacts\f_jar\.
Requires JDK:	No
Requires 64-Bit: No
Java min ver:	1.006.000_022
Java max ver:	
Substitute:	JAVA_HOME = 
Substitute:	PATH = C:\ProgramData\Oracle\Java\javapath;C:\Program Files\Common Files\Oracle\Java\javapath;C:\Windows\system32;C:\Windows;C:\Windows\System32\Wbem;C:\Windows\System32\WindowsPowerShell\v1.0\;C:\Windows\System32\OpenSSH\;C:\Program Files\Git\cmd;C:\Program Files\WireGuard\;C:\Program Files\nodejs\;C:\Program Files\Docker\Docker\resources\bin;C:\Users\Danil\AppData\Local\Programs\Python\Python39\Scripts\;C:\Users\Danil\AppData\Local\Programs\Python\Python39\;C:\Users\Danil\AppData\Local\Microsoft\WindowsApps;C:\Users\Danil\AppData\Local\GitHubDesktop\bin;C:\Program Files\JetBrains\IntelliJ IDEA Community Edition 2021.3.2\bin;;C:\Users\Danil\AppData\Local\Programs\Microsoft VS Code\bin;C:\Users\Danil\AppData\Roaming\npm;C:\Program Files\Java\jdk-16.0.2\bin
JRE paths:	;C:\ProgramData\Oracle\Java\javapath;C:\Program Files\Common Files\Oracle\Java\javapath;C:\Windows\system32;C:\Windows;C:\Windows\System32\Wbem;C:\Windows\System32\WindowsPowerShell\v1.0\;C:\Windows\System32\OpenSSH\;C:\Program Files\Git\cmd;C:\Program Files\WireGuard\;C:\Program Files\nodejs\;C:\Program Files\Docker\Docker\resources\bin;C:\Users\Danil\AppData\Local\Programs\Python\Python39\Scripts\;C:\Users\Danil\AppData\Local\Programs\Python\Python39\;C:\Users\Danil\AppData\Local\Microsoft\WindowsApps;C:\Users\Danil\AppData\Local\GitHubDesktop\bin;C:\Program Files\JetBrains\IntelliJ IDEA Community Edition 2021.3.2\bin;;C:\Users\Danil\AppData\Local\Programs\Microsoft VS Code\bin;C:\Users\Danil\AppData\Roaming\npm;C:\Program Files\Java\jdk-16.0.2\bin
Check launcher:	C:\ProgramData\Oracle\Java\javapath\bin\javaw.exe (not found)
Check launcher:	C:\Program Files\Common Files\Oracle\Java\javapath\bin\javaw.exe (not found)
Check launcher:	C:\Windows\system32\bin\javaw.exe (not found)
Check launcher:	C:\Windows\bin\javaw.exe (not found)
Check launcher:	C:\Windows\System32\Wbem\bin\javaw.exe (not found)
Check launcher:	C:\Windows\System32\WindowsPowerShell\v1.0\bin\javaw.exe (not found)
Check launcher:	C:\Windows\System32\OpenSSH\bin\javaw.exe (not found)
Check launcher:	C:\Program Files\Git\cmd\bin\javaw.exe (not found)
Check launcher:	C:\Program Files\WireGuard\bin\javaw.exe (not found)
Check launcher:	C:\Program Files\nodejs\bin\javaw.exe (not found)
Check launcher:	C:\Program Files\Docker\Docker\resources\bin\javaw.exe (not found)
Check launcher:	C:\Users\Danil\AppData\Local\Programs\Python\Python39\Scripts\bin\javaw.exe (not found)
Check launcher:	C:\Users\Danil\AppData\Local\Programs\Python\Python39\bin\javaw.exe (not found)
Check launcher:	C:\Users\Danil\AppData\Local\Microsoft\WindowsApps\bin\javaw.exe (not found)
Check launcher:	C:\Users\Danil\AppData\Local\GitHubDesktop\bin\javaw.exe (not found)
Check launcher:	C:\Program Files\JetBrains\IntelliJ IDEA Community Edition 2021.3.2\bin\javaw.exe (not found)
Check launcher:	C:\Users\Danil\AppData\Local\Programs\Microsoft VS Code\bin\javaw.exe (not found)
Check launcher:	C:\Users\Danil\AppData\Roaming\npm\bin\javaw.exe (not found)
Check launcher:	C:\Program Files\Java\jdk-16.0.2\bin\javaw.exe (OK)
Version string: 1.016.000_002 / 64-Bit (OK)
Launcher:	C:\Program Files\Java\jdk-16.0.2\bin\javaw.exe
Launcher args:	-jar "C:\Users\Danil\Desktop\python\f\out\artifacts\f_jar\f.exe"
Args length:	64/32768 chars
Exit code:	0


Version:	3.50
CmdLine:	C:\Users\Danil\Desktop\python\f\out\artifacts\f_jar\f.exe --l4j-debug
JNI:		No
WOW64:		Yes
Working dir:	C:\Users\Danil\Desktop\python\f\out\artifacts\f_jar\.
Requires JDK:	No
Requires 64-Bit: No
Java min ver:	1.006.000_022
Java max ver:	
Substitute:	JAVA_HOME = 
Substitute:	PATH = C:\ProgramData\Oracle\Java\javapath;C:\Program Files\Common Files\Oracle\Java\javapath;C:\Windows\system32;C:\Windows;C:\Windows\System32\Wbem;C:\Windows\System32\WindowsPowerShell\v1.0\;C:\Windows\System32\OpenSSH\;C:\Program Files\Git\cmd;C:\Program Files\WireGuard\;C:\Program Files\nodejs\;C:\Program Files\Docker\Docker\resources\bin;C:\Users\Danil\AppData\Local\Programs\Python\Python39\Scripts\;C:\Users\Danil\AppData\Local\Programs\Python\Python39\;C:\Users\Danil\AppData\Local\Microsoft\WindowsApps;C:\Users\Danil\AppData\Local\GitHubDesktop\bin;C:\Program Files\JetBrains\IntelliJ IDEA Community Edition 2021.3.2\bin;;C:\Users\Danil\AppData\Local\Programs\Microsoft VS Code\bin;C:\Users\Danil\AppData\Roaming\npm;C:\Program Files\Java\jdk-16.0.2\bin
JRE paths:	;C:\ProgramData\Oracle\Java\javapath;C:\Program Files\Common Files\Oracle\Java\javapath;C:\Windows\system32;C:\Windows;C:\Windows\System32\Wbem;C:\Windows\System32\WindowsPowerShell\v1.0\;C:\Windows\System32\OpenSSH\;C:\Program Files\Git\cmd;C:\Program Files\WireGuard\;C:\Program Files\nodejs\;C:\Program Files\Docker\Docker\resources\bin;C:\Users\Danil\AppData\Local\Programs\Python\Python39\Scripts\;C:\Users\Danil\AppData\Local\Programs\Python\Python39\;C:\Users\Danil\AppData\Local\Microsoft\WindowsApps;C:\Users\Danil\AppData\Local\GitHubDesktop\bin;C:\Program Files\JetBrains\IntelliJ IDEA Community Edition 2021.3.2\bin;;C:\Users\Danil\AppData\Local\Programs\Microsoft VS Code\bin;C:\Users\Danil\AppData\Roaming\npm;C:\Program Files\Java\jdk-16.0.2\bin
Check launcher:	C:\ProgramData\Oracle\Java\javapath\bin\javaw.exe (not found)
Check launcher:	C:\Program Files\Common Files\Oracle\Java\javapath\bin\javaw.exe (not found)
Check launcher:	C:\Windows\system32\bin\javaw.exe (not found)
Check launcher:	C:\Windows\bin\javaw.exe (not found)
Check launcher:	C:\Windows\System32\Wbem\bin\javaw.exe (not found)
Check launcher:	C:\Windows\System32\WindowsPowerShell\v1.0\bin\javaw.exe (not found)
Check launcher:	C:\Windows\System32\OpenSSH\bin\javaw.exe (not found)
Check launcher:	C:\Program Files\Git\cmd\bin\javaw.exe (not found)
Check launcher:	C:\Program Files\WireGuard\bin\javaw.exe (not found)
Check launcher:	C:\Program Files\nodejs\bin\javaw.exe (not found)
Check launcher:	C:\Program Files\Docker\Docker\resources\bin\javaw.exe (not found)
Check launcher:	C:\Users\Danil\AppData\Local\Programs\Python\Python39\Scripts\bin\javaw.exe (not found)
Check launcher:	C:\Users\Danil\AppData\Local\Programs\Python\Python39\bin\javaw.exe (not found)
Check launcher:	C:\Users\Danil\AppData\Local\Microsoft\WindowsApps\bin\javaw.exe (not found)
Check launcher:	C:\Users\Danil\AppData\Local\GitHubDesktop\bin\javaw.exe (not found)
Check launcher:	C:\Program Files\JetBrains\IntelliJ IDEA Community Edition 2021.3.2\bin\javaw.exe (not found)
Check launcher:	C:\Users\Danil\AppData\Local\Programs\Microsoft VS Code\bin\javaw.exe (not found)
Check launcher:	C:\Users\Danil\AppData\Roaming\npm\bin\javaw.exe (not found)
Check launcher:	C:\Program Files\Java\jdk-16.0.2\bin\javaw.exe (OK)
Version string: 1.016.000_002 / 64-Bit (OK)
Launcher:	C:\Program Files\Java\jdk-16.0.2\bin\javaw.exe
Launcher args:	-jar "C:\Users\Danil\Desktop\python\f\out\artifacts\f_jar\f.exe"
Args length:	64/32768 chars
Exit code:	0
